{"uuid": "c65236df-4445-4e02-aa75-ccda014a1dd1", "children": ["3aad0e09-b962-4985-bbac-75d96c18a46a", "99604ad5-540c-4547-8e31-aa9e1782ff1f", "ea5520b3-b980-438c-8020-325b52939b8c"], "befores": [{"name": "start chrome with options", "status": "failed", "statusDetails": {"message": "WebDriverException: Message: 'chromedriver' executable needs to be in PATH. Please see https://chromedriver.chromium.org/home\n"}, "steps": [{"name": "BuiltIn.Evaluate", "status": "passed", "statusDetails": {}, "attachments": [{"name": "Keyword Log", "source": "8f333bd8-4bde-426c-8fc6-f414dc10e228-attachment.html", "type": "text/html"}], "parameters": [{"name": "arg1", "value": "selenium.webdriver.ChromeOptions()"}], "start": 1679242968665, "stop": 1679242968665}, {"name": "BuiltIn.Call Method", "status": "passed", "statusDetails": {}, "parameters": [{"name": "arg1", "value": "${chrome_options}"}, {"name": "arg2", "value": "add_argument"}, {"name": "arg3", "value": "--log-level\\=3"}], "start": 1679242968665, "stop": 1679242968665}, {"name": "BuiltIn.Call Method", "status": "passed", "statusDetails": {}, "parameters": [{"name": "arg1", "value": "${chrome_options}"}, {"name": "arg2", "value": "add_argument"}, {"name": "arg3", "value": "--start-maximized"}], "start": 1679242968665, "stop": 1679242968680}, {"name": "BuiltIn.Call Method", "status": "passed", "statusDetails": {}, "parameters": [{"name": "arg1", "value": "${chrome_options}"}, {"name": "arg2", "value": "add_argument"}, {"name": "arg3", "value": "--window-size\\=800,600"}], "start": 1679242968680, "stop": 1679242968680}, {"name": "BuiltIn.Call Method", "status": "passed", "statusDetails": {}, "parameters": [{"name": "arg1", "value": "${chrome_options}"}, {"name": "arg2", "value": "add_argument"}, {"name": "arg3", "value": "--remote-allow-origins\\=*"}], "start": 1679242968680, "stop": 1679242968680}, {"name": "BuiltIn.Call Method", "status": "passed", "statusDetails": {}, "parameters": [{"name": "arg1", "value": "${chrome_options}"}, {"name": "arg2", "value": "add_argument"}, {"name": "arg3", "value": "--disable-notifications"}], "start": 1679242968680, "stop": 1679242968680}, {"name": "BuiltIn.Call Method", "status": "passed", "statusDetails": {}, "parameters": [{"name": "arg1", "value": "${chrome_options}"}, {"name": "arg2", "value": "add_argument"}, {"name": "arg3", "value": "--disable-infobars"}], "start": 1679242968680, "stop": 1679242968680}, {"name": "BuiltIn.Call Method", "status": "passed", "statusDetails": {}, "parameters": [{"name": "arg1", "value": "${chrome_options}"}, {"name": "arg2", "value": "add_argument"}, {"name": "arg3", "value": "--headless"}], "start": 1679242968680, "stop": 1679242968680}, {"name": "BuiltIn.Call Method", "status": "passed", "statusDetails": {}, "parameters": [{"name": "arg1", "value": "${chrome_options}"}, {"name": "arg2", "value": "add_argument"}, {"name": "arg3", "value": "--disable-extensions"}], "start": 1679242968680, "stop": 1679242968680}, {"name": "SeleniumLibrary.Create Webdriver", "status": "failed", "statusDetails": {"message": "WebDriverException: Message: 'chromedriver' executable needs to be in PATH. Please see https://chromedriver.chromium.org/home\n"}, "attachments": [{"name": "Keyword Log", "source": "f29fbd5c-be58-4489-bc53-dc513ae6e8aa-attachment.html", "type": "text/html"}], "parameters": [{"name": "arg1", "value": "Chrome"}, {"name": "arg2", "value": "chrome_options=${chrome_options}"}], "start": 1679242968680, "stop": 1679242968821}, {"name": "SeleniumLibrary.Go To", "status": "skipped", "statusDetails": {"message": "WebDriverException: Message: 'chromedriver' executable needs to be in PATH. Please see https://chromedriver.chromium.org/home\n"}, "parameters": [{"name": "arg1", "value": "${url}"}], "start": 1679242968821, "stop": 1679242968821}], "stop": 1679242968821}]}